Build started 3/11/2015 10:29:21 AM.
     1>Project "C:\Users\Area51Student\Documents\hue\Graphics Programming\FMOD Programmers API Windows\examples\3d\3d.vcxproj" on node 2 (build target(s)).
     1>PrepareForBuild:
         Creating directory "C:\Users\Area51Student\Documents\hue\Graphics Programming\FMOD Programmers API Windows\examples\Debug\".
       InitializeBuildStatus:
         Creating "Win32\Debug\3d.unsuccessfulbuild" because "AlwaysCreate" was specified.
       MakeDirsForCl:
         Creating directory "C:\Users\Area51Student\Documents\hue\Graphics Programming\FMOD Programmers API Windows\examples\3d\.\Debug".
       ClCompile:
         C:\Program Files (x86)\Microsoft Visual Studio 10.0\VC\bin\CL.exe /c /Zi /nologo /W3 /WX- /Od /Oy- /D DEBUG /D WIN32 /D _CONSOLE /D _CRT_SECURE_NO_WARNINGS /D _VC80_UPGRADE=0x0710 /D _MBCS /Gm- /EHsc /MDd /GS /fp:precise /Zc:wchar_t /Zc:forScope /Fo"Win32\Debug" /Fd"Win32\Debug" /Gd /TP /analyze- /errorReport:prompt main.cpp
         main.cpp
       Link:
         C:\Program Files (x86)\Microsoft Visual Studio 10.0\VC\bin\link.exe /ERRORREPORT:PROMPT /OUT:"3d.exe" /INCREMENTAL:NO /NOLOGO ../../api/lib/fmodex_vc.lib kernel32.lib user32.lib gdi32.lib winspool.lib comdlg32.lib advapi32.lib shell32.lib ole32.lib oleaut32.lib uuid.lib odbc32.lib odbccp32.lib /MANIFEST /ManifestFile:"Win32\Debug\3d.exe.intermediate.manifest" /MANIFESTUAC:"level='asInvoker' uiAccess='false'" /DEBUG /PDB:"Win32\Debug\3d.pdb" /SUBSYSTEM:CONSOLE /TLBID:1 /DYNAMICBASE /NXCOMPAT /IMPLIB:"C:\Users\Area51Student\Documents\hue\Graphics Programming\FMOD Programmers API Windows\examples\Debug\3d.lib" Win32\Debug
         3d.vcxproj -> C:\Users\Area51Student\Documents\hue\Graphics Programming\FMOD Programmers API Windows\examples\3d\3d.exe
       Manifest:
         C:\Program Files (x86)\Microsoft SDKs\Windows\v7.0A\bin\mt.exe /nologo /verbose /outputresource:"3d.exe;#1" /manifest Win32\Debug\3d.exe.intermediate.manifest
       CopyFilesToOutputDirectory:
         Copying file from "Win32\Debug\3d.pdb" to "C:\Users\Area51Student\Documents\hue\Graphics Programming\FMOD Programmers API Windows\examples\Debug\3d.pdb".
       PostBuildEvent:
         copy ..\..\api\fmodex.dll .
         :VCEnd
                 1 file(s) copied.
       FinalizeBuildStatus:
         Deleting file "Win32\Debug\3d.unsuccessfulbuild".
         Touching "Win32\Debug\3d.lastbuildstate".
     1>Done Building Project "C:\Users\Area51Student\Documents\hue\Graphics Programming\FMOD Programmers API Windows\examples\3d\3d.vcxproj" (build target(s)).

Build succeeded.

Time Elapsed 00:00:00.73
