  main.cpp
C:\Program Files (x86)\Windows Kits\10\Include\10.0.19041.0\shared\minwindef.h(130,1): warning C4005: 'APIENTRY': macro redefinition
D:\Download Favourites\SDK\gles2-starter-win32\GLFW\glfw3.h(92): message : see previous definition of 'APIENTRY'
D:\KDU\[Dated] 2019-9\Graphics Programming\HelloOpenGL\HelloOpenGL\HelloOpenGL\vector.h(141,14): warning C4244: 'return': conversion from 'double' to 'float', possible loss of data
D:\KDU\[Dated] 2019-9\Graphics Programming\HelloOpenGL\HelloOpenGL\HelloOpenGL\matrix.h(189,11): warning C4244: 'initializing': conversion from 'double' to 'float', possible loss of data
D:\KDU\[Dated] 2019-9\Graphics Programming\HelloOpenGL\HelloOpenGL\HelloOpenGL\matrix.h(190,11): warning C4244: 'initializing': conversion from 'double' to 'float', possible loss of data
D:\KDU\[Dated] 2019-9\Graphics Programming\HelloOpenGL\HelloOpenGL\HelloOpenGL\triangle_demo.h(36,59): warning C4474: 'printf' : too many arguments passed for format string
D:\KDU\[Dated] 2019-9\Graphics Programming\HelloOpenGL\HelloOpenGL\HelloOpenGL\triangle_demo.h(36,59): message : placeholders and their parameters expect 1 variadic arguments, but 2 were provided
D:\KDU\[Dated] 2019-9\Graphics Programming\HelloOpenGL\HelloOpenGL\HelloOpenGL\triangle_demo.h(95,64): warning C4474: 'printf' : too many arguments passed for format string
D:\KDU\[Dated] 2019-9\Graphics Programming\HelloOpenGL\HelloOpenGL\HelloOpenGL\triangle_demo.h(95,64): message : placeholders and their parameters expect 0 variadic arguments, but 2 were provided
D:\KDU\[Dated] 2019-9\Graphics Programming\HelloOpenGL\HelloOpenGL\HelloOpenGL\triangle_demo.h(183,30): warning C4244: 'argument': conversion from 'double' to 'GLfloat', possible loss of data
D:\KDU\[Dated] 2019-9\Graphics Programming\HelloOpenGL\HelloOpenGL\HelloOpenGL\triangle_demo.h(183,14): warning C4244: 'argument': conversion from 'double' to 'GLfloat', possible loss of data
D:\KDU\[Dated] 2019-9\Graphics Programming\HelloOpenGL\HelloOpenGL\HelloOpenGL\triangle_demo.h(184,27): warning C4244: 'argument': conversion from 'double' to 'GLfloat', possible loss of data
D:\KDU\[Dated] 2019-9\Graphics Programming\HelloOpenGL\HelloOpenGL\HelloOpenGL\triangle_demo.h(184,20): warning C4244: 'argument': conversion from 'double' to 'GLfloat', possible loss of data
D:\KDU\[Dated] 2019-9\Graphics Programming\HelloOpenGL\HelloOpenGL\HelloOpenGL\triangle_demo.h(185,34): warning C4244: 'argument': conversion from 'double' to 'GLfloat', possible loss of data
D:\KDU\[Dated] 2019-9\Graphics Programming\HelloOpenGL\HelloOpenGL\HelloOpenGL\triangle_demo.h(185,20): warning C4244: 'argument': conversion from 'double' to 'GLfloat', possible loss of data
D:\KDU\[Dated] 2019-9\Graphics Programming\HelloOpenGL\HelloOpenGL\HelloOpenGL\triangle_demo.h(187,34): warning C4244: 'argument': conversion from 'double' to 'GLfloat', possible loss of data
D:\KDU\[Dated] 2019-9\Graphics Programming\HelloOpenGL\HelloOpenGL\HelloOpenGL\triangle_demo.h(187,20): warning C4244: 'argument': conversion from 'double' to 'GLfloat', possible loss of data
D:\KDU\[Dated] 2019-9\Graphics Programming\HelloOpenGL\HelloOpenGL\HelloOpenGL\triangle_demo.h(188,37): warning C4244: 'argument': conversion from 'double' to 'GLfloat', possible loss of data
D:\KDU\[Dated] 2019-9\Graphics Programming\HelloOpenGL\HelloOpenGL\HelloOpenGL\triangle_demo.h(188,14): warning C4244: 'argument': conversion from 'double' to 'GLfloat', possible loss of data
D:\KDU\[Dated] 2019-9\Graphics Programming\HelloOpenGL\HelloOpenGL\HelloOpenGL\triangle_demo.h(189,30): warning C4244: 'argument': conversion from 'double' to 'GLfloat', possible loss of data
D:\KDU\[Dated] 2019-9\Graphics Programming\HelloOpenGL\HelloOpenGL\HelloOpenGL\triangle_demo.h(189,14): warning C4244: 'argument': conversion from 'double' to 'GLfloat', possible loss of data
D:\KDU\[Dated] 2019-9\Graphics Programming\HelloOpenGL\HelloOpenGL\HelloOpenGL\triangle_demo.h(203,53): warning C4244: 'argument': conversion from 'double' to 'GLfloat', possible loss of data
D:\KDU\[Dated] 2019-9\Graphics Programming\HelloOpenGL\HelloOpenGL\HelloOpenGL\triangle_demo.h(203,22): warning C4244: 'argument': conversion from 'double' to 'GLfloat', possible loss of data
D:\KDU\[Dated] 2019-9\Graphics Programming\HelloOpenGL\HelloOpenGL\HelloOpenGL\triangle_demo.h(204,59): warning C4244: 'argument': conversion from 'double' to 'GLfloat', possible loss of data
D:\KDU\[Dated] 2019-9\Graphics Programming\HelloOpenGL\HelloOpenGL\HelloOpenGL\triangle_demo.h(204,22): warning C4244: 'argument': conversion from 'double' to 'GLfloat', possible loss of data
D:\KDU\[Dated] 2019-9\Graphics Programming\HelloOpenGL\HelloOpenGL\HelloOpenGL\triangle_demo.h(300,26): warning C4244: '=': conversion from 'double' to 'GLubyte', possible loss of data
D:\KDU\[Dated] 2019-9\Graphics Programming\HelloOpenGL\HelloOpenGL\HelloOpenGL\triangle_demo.h(303,32): warning C4244: '=': conversion from 'double' to 'GLubyte', possible loss of data
D:\KDU\[Dated] 2019-9\Graphics Programming\HelloOpenGL\HelloOpenGL\HelloOpenGL\triangle_demo.h(306,32): warning C4244: '=': conversion from 'double' to 'GLubyte', possible loss of data
D:\KDU\[Dated] 2019-9\Graphics Programming\HelloOpenGL\HelloOpenGL\HelloOpenGL\triangle_demo.h(310,32): warning C4244: '=': conversion from 'double' to 'GLubyte', possible loss of data
D:\KDU\[Dated] 2019-9\Graphics Programming\HelloOpenGL\HelloOpenGL\HelloOpenGL\triangle_demo.h(313,33): warning C4244: '=': conversion from 'double' to 'GLubyte', possible loss of data
D:\KDU\[Dated] 2019-9\Graphics Programming\HelloOpenGL\HelloOpenGL\HelloOpenGL\triangle_demo.h(316,33): warning C4244: '=': conversion from 'double' to 'GLubyte', possible loss of data
D:\KDU\[Dated] 2019-9\Graphics Programming\HelloOpenGL\HelloOpenGL\HelloOpenGL\triangle_demo.h(394,46): warning C4244: 'argument': conversion from 'double' to 'GLfloat', possible loss of data
D:\KDU\[Dated] 2019-9\Graphics Programming\HelloOpenGL\HelloOpenGL\HelloOpenGL\triangle_demo.h(394,32): warning C4244: 'argument': conversion from 'double' to 'GLfloat', possible loss of data
D:\KDU\[Dated] 2019-9\Graphics Programming\HelloOpenGL\HelloOpenGL\HelloOpenGL\triangle_demo.h(394,15): warning C4244: 'argument': conversion from 'double' to 'GLfloat', possible loss of data
D:\KDU\[Dated] 2019-9\Graphics Programming\HelloOpenGL\HelloOpenGL\HelloOpenGL\triangle_demo.h(395,82): warning C4244: 'argument': conversion from 'double' to 'GLfloat', possible loss of data
D:\KDU\[Dated] 2019-9\Graphics Programming\HelloOpenGL\HelloOpenGL\HelloOpenGL\triangle_demo.h(395,60): warning C4244: 'argument': conversion from 'double' to 'GLfloat', possible loss of data
D:\KDU\[Dated] 2019-9\Graphics Programming\HelloOpenGL\HelloOpenGL\HelloOpenGL\triangle_demo.h(395,23): warning C4244: 'argument': conversion from 'double' to 'GLfloat', possible loss of data
D:\KDU\[Dated] 2019-9\Graphics Programming\HelloOpenGL\HelloOpenGL\HelloOpenGL\triangle_demo.h(396,88): warning C4244: 'argument': conversion from 'double' to 'GLfloat', possible loss of data
D:\KDU\[Dated] 2019-9\Graphics Programming\HelloOpenGL\HelloOpenGL\HelloOpenGL\triangle_demo.h(396,66): warning C4244: 'argument': conversion from 'double' to 'GLfloat', possible loss of data
D:\KDU\[Dated] 2019-9\Graphics Programming\HelloOpenGL\HelloOpenGL\HelloOpenGL\triangle_demo.h(396,23): warning C4244: 'argument': conversion from 'double' to 'GLfloat', possible loss of data
D:\KDU\[Dated] 2019-9\Graphics Programming\HelloOpenGL\HelloOpenGL\HelloOpenGL\triangle_demo.h(399,46): warning C4244: 'argument': conversion from 'double' to 'GLfloat', possible loss of data
D:\KDU\[Dated] 2019-9\Graphics Programming\HelloOpenGL\HelloOpenGL\HelloOpenGL\triangle_demo.h(399,32): warning C4244: 'argument': conversion from 'double' to 'GLfloat', possible loss of data
D:\KDU\[Dated] 2019-9\Graphics Programming\HelloOpenGL\HelloOpenGL\HelloOpenGL\triangle_demo.h(399,15): warning C4244: 'argument': conversion from 'double' to 'GLfloat', possible loss of data
D:\KDU\[Dated] 2019-9\Graphics Programming\HelloOpenGL\HelloOpenGL\HelloOpenGL\triangle_demo.h(400,82): warning C4244: 'argument': conversion from 'double' to 'GLfloat', possible loss of data
D:\KDU\[Dated] 2019-9\Graphics Programming\HelloOpenGL\HelloOpenGL\HelloOpenGL\triangle_demo.h(400,60): warning C4244: 'argument': conversion from 'double' to 'GLfloat', possible loss of data
D:\KDU\[Dated] 2019-9\Graphics Programming\HelloOpenGL\HelloOpenGL\HelloOpenGL\triangle_demo.h(400,23): warning C4244: 'argument': conversion from 'double' to 'GLfloat', possible loss of data
D:\KDU\[Dated] 2019-9\Graphics Programming\HelloOpenGL\HelloOpenGL\HelloOpenGL\triangle_demo.h(401,88): warning C4244: 'argument': conversion from 'double' to 'GLfloat', possible loss of data
D:\KDU\[Dated] 2019-9\Graphics Programming\HelloOpenGL\HelloOpenGL\HelloOpenGL\triangle_demo.h(401,66): warning C4244: 'argument': conversion from 'double' to 'GLfloat', possible loss of data
D:\KDU\[Dated] 2019-9\Graphics Programming\HelloOpenGL\HelloOpenGL\HelloOpenGL\triangle_demo.h(401,23): warning C4244: 'argument': conversion from 'double' to 'GLfloat', possible loss of data
D:\KDU\[Dated] 2019-9\Graphics Programming\HelloOpenGL\HelloOpenGL\HelloOpenGL\triangle_demo.h(404,88): warning C4244: 'argument': conversion from 'double' to 'GLfloat', possible loss of data
D:\KDU\[Dated] 2019-9\Graphics Programming\HelloOpenGL\HelloOpenGL\HelloOpenGL\triangle_demo.h(404,66): warning C4244: 'argument': conversion from 'double' to 'GLfloat', possible loss of data
D:\KDU\[Dated] 2019-9\Graphics Programming\HelloOpenGL\HelloOpenGL\HelloOpenGL\triangle_demo.h(404,23): warning C4244: 'argument': conversion from 'double' to 'GLfloat', possible loss of data
D:\KDU\[Dated] 2019-9\Graphics Programming\HelloOpenGL\HelloOpenGL\HelloOpenGL\triangle_demo.h(405,82): warning C4244: 'argument': conversion from 'double' to 'GLfloat', possible loss of data
D:\KDU\[Dated] 2019-9\Graphics Programming\HelloOpenGL\HelloOpenGL\HelloOpenGL\triangle_demo.h(405,60): warning C4244: 'argument': conversion from 'double' to 'GLfloat', possible loss of data
D:\KDU\[Dated] 2019-9\Graphics Programming\HelloOpenGL\HelloOpenGL\HelloOpenGL\triangle_demo.h(405,23): warning C4244: 'argument': conversion from 'double' to 'GLfloat', possible loss of data
D:\KDU\[Dated] 2019-9\Graphics Programming\HelloOpenGL\HelloOpenGL\HelloOpenGL\triangle_demo.h(406,82): warning C4244: 'argument': conversion from 'double' to 'GLfloat', possible loss of data
D:\KDU\[Dated] 2019-9\Graphics Programming\HelloOpenGL\HelloOpenGL\HelloOpenGL\triangle_demo.h(406,60): warning C4244: 'argument': conversion from 'double' to 'GLfloat', possible loss of data
D:\KDU\[Dated] 2019-9\Graphics Programming\HelloOpenGL\HelloOpenGL\HelloOpenGL\triangle_demo.h(406,23): warning C4244: 'argument': conversion from 'double' to 'GLfloat', possible loss of data
D:\KDU\[Dated] 2019-9\Graphics Programming\HelloOpenGL\HelloOpenGL\HelloOpenGL\triangle_demo.h(408,82): warning C4244: 'argument': conversion from 'double' to 'GLfloat', possible loss of data
D:\KDU\[Dated] 2019-9\Graphics Programming\HelloOpenGL\HelloOpenGL\HelloOpenGL\triangle_demo.h(408,60): warning C4244: 'argument': conversion from 'double' to 'GLfloat', possible loss of data
D:\KDU\[Dated] 2019-9\Graphics Programming\HelloOpenGL\HelloOpenGL\HelloOpenGL\triangle_demo.h(408,23): warning C4244: 'argument': conversion from 'double' to 'GLfloat', possible loss of data
D:\KDU\[Dated] 2019-9\Graphics Programming\HelloOpenGL\HelloOpenGL\HelloOpenGL\triangle_demo.h(409,88): warning C4244: 'argument': conversion from 'double' to 'GLfloat', possible loss of data
D:\KDU\[Dated] 2019-9\Graphics Programming\HelloOpenGL\HelloOpenGL\HelloOpenGL\triangle_demo.h(409,66): warning C4244: 'argument': conversion from 'double' to 'GLfloat', possible loss of data
D:\KDU\[Dated] 2019-9\Graphics Programming\HelloOpenGL\HelloOpenGL\HelloOpenGL\triangle_demo.h(409,23): warning C4244: 'argument': conversion from 'double' to 'GLfloat', possible loss of data
D:\KDU\[Dated] 2019-9\Graphics Programming\HelloOpenGL\HelloOpenGL\HelloOpenGL\triangle_demo.h(410,88): warning C4244: 'argument': conversion from 'double' to 'GLfloat', possible loss of data
D:\KDU\[Dated] 2019-9\Graphics Programming\HelloOpenGL\HelloOpenGL\HelloOpenGL\triangle_demo.h(410,66): warning C4244: 'argument': conversion from 'double' to 'GLfloat', possible loss of data
D:\KDU\[Dated] 2019-9\Graphics Programming\HelloOpenGL\HelloOpenGL\HelloOpenGL\triangle_demo.h(410,23): warning C4244: 'argument': conversion from 'double' to 'GLfloat', possible loss of data
D:\KDU\[Dated] 2019-9\Graphics Programming\HelloOpenGL\HelloOpenGL\HelloOpenGL\triangle_demo.h(427,46): warning C4244: 'argument': conversion from 'double' to 'GLfloat', possible loss of data
D:\KDU\[Dated] 2019-9\Graphics Programming\HelloOpenGL\HelloOpenGL\HelloOpenGL\triangle_demo.h(427,32): warning C4244: 'argument': conversion from 'double' to 'GLfloat', possible loss of data
D:\KDU\[Dated] 2019-9\Graphics Programming\HelloOpenGL\HelloOpenGL\HelloOpenGL\triangle_demo.h(427,15): warning C4244: 'argument': conversion from 'double' to 'GLfloat', possible loss of data
D:\KDU\[Dated] 2019-9\Graphics Programming\HelloOpenGL\HelloOpenGL\HelloOpenGL\triangle_demo.h(428,82): warning C4244: 'argument': conversion from 'double' to 'GLfloat', possible loss of data
D:\KDU\[Dated] 2019-9\Graphics Programming\HelloOpenGL\HelloOpenGL\HelloOpenGL\triangle_demo.h(428,60): warning C4244: 'argument': conversion from 'double' to 'GLfloat', possible loss of data
D:\KDU\[Dated] 2019-9\Graphics Programming\HelloOpenGL\HelloOpenGL\HelloOpenGL\triangle_demo.h(428,23): warning C4244: 'argument': conversion from 'double' to 'GLfloat', possible loss of data
D:\KDU\[Dated] 2019-9\Graphics Programming\HelloOpenGL\HelloOpenGL\HelloOpenGL\triangle_demo.h(429,88): warning C4244: 'argument': conversion from 'double' to 'GLfloat', possible loss of data
D:\KDU\[Dated] 2019-9\Graphics Programming\HelloOpenGL\HelloOpenGL\HelloOpenGL\triangle_demo.h(429,66): warning C4244: 'argument': conversion from 'double' to 'GLfloat', possible loss of data
D:\KDU\[Dated] 2019-9\Graphics Programming\HelloOpenGL\HelloOpenGL\HelloOpenGL\triangle_demo.h(429,23): warning C4244: 'argument': conversion from 'double' to 'GLfloat', possible loss of data
D:\KDU\[Dated] 2019-9\Graphics Programming\HelloOpenGL\HelloOpenGL\HelloOpenGL\triangle_demo.h(432,46): warning C4244: 'argument': conversion from 'double' to 'GLfloat', possible loss of data
D:\KDU\[Dated] 2019-9\Graphics Programming\HelloOpenGL\HelloOpenGL\HelloOpenGL\triangle_demo.h(432,32): warning C4244: 'argument': conversion from 'double' to 'GLfloat', possible loss of data
D:\KDU\[Dated] 2019-9\Graphics Programming\HelloOpenGL\HelloOpenGL\HelloOpenGL\triangle_demo.h(432,15): warning C4244: 'argument': conversion from 'double' to 'GLfloat', possible loss of data
D:\KDU\[Dated] 2019-9\Graphics Programming\HelloOpenGL\HelloOpenGL\HelloOpenGL\triangle_demo.h(433,82): warning C4244: 'argument': conversion from 'double' to 'GLfloat', possible loss of data
D:\KDU\[Dated] 2019-9\Graphics Programming\HelloOpenGL\HelloOpenGL\HelloOpenGL\triangle_demo.h(433,60): warning C4244: 'argument': conversion from 'double' to 'GLfloat', possible loss of data
D:\KDU\[Dated] 2019-9\Graphics Programming\HelloOpenGL\HelloOpenGL\HelloOpenGL\triangle_demo.h(433,23): warning C4244: 'argument': conversion from 'double' to 'GLfloat', possible loss of data
D:\KDU\[Dated] 2019-9\Graphics Programming\HelloOpenGL\HelloOpenGL\HelloOpenGL\triangle_demo.h(434,88): warning C4244: 'argument': conversion from 'double' to 'GLfloat', possible loss of data
D:\KDU\[Dated] 2019-9\Graphics Programming\HelloOpenGL\HelloOpenGL\HelloOpenGL\triangle_demo.h(434,66): warning C4244: 'argument': conversion from 'double' to 'GLfloat', possible loss of data
D:\KDU\[Dated] 2019-9\Graphics Programming\HelloOpenGL\HelloOpenGL\HelloOpenGL\triangle_demo.h(434,23): warning C4244: 'argument': conversion from 'double' to 'GLfloat', possible loss of data
D:\KDU\[Dated] 2019-9\Graphics Programming\HelloOpenGL\HelloOpenGL\HelloOpenGL\triangle_demo.h(451,46): warning C4244: 'argument': conversion from 'double' to 'GLfloat', possible loss of data
D:\KDU\[Dated] 2019-9\Graphics Programming\HelloOpenGL\HelloOpenGL\HelloOpenGL\triangle_demo.h(451,32): warning C4244: 'argument': conversion from 'double' to 'GLfloat', possible loss of data
D:\KDU\[Dated] 2019-9\Graphics Programming\HelloOpenGL\HelloOpenGL\HelloOpenGL\triangle_demo.h(451,15): warning C4244: 'argument': conversion from 'double' to 'GLfloat', possible loss of data
D:\KDU\[Dated] 2019-9\Graphics Programming\HelloOpenGL\HelloOpenGL\HelloOpenGL\triangle_demo.h(452,82): warning C4244: 'argument': conversion from 'double' to 'GLfloat', possible loss of data
D:\KDU\[Dated] 2019-9\Graphics Programming\HelloOpenGL\HelloOpenGL\HelloOpenGL\triangle_demo.h(452,60): warning C4244: 'argument': conversion from 'double' to 'GLfloat', possible loss of data
D:\KDU\[Dated] 2019-9\Graphics Programming\HelloOpenGL\HelloOpenGL\HelloOpenGL\triangle_demo.h(452,23): warning C4244: 'argument': conversion from 'double' to 'GLfloat', possible loss of data
D:\KDU\[Dated] 2019-9\Graphics Programming\HelloOpenGL\HelloOpenGL\HelloOpenGL\triangle_demo.h(453,88): warning C4244: 'argument': conversion from 'double' to 'GLfloat', possible loss of data
D:\KDU\[Dated] 2019-9\Graphics Programming\HelloOpenGL\HelloOpenGL\HelloOpenGL\triangle_demo.h(453,66): warning C4244: 'argument': conversion from 'double' to 'GLfloat', possible loss of data
D:\KDU\[Dated] 2019-9\Graphics Programming\HelloOpenGL\HelloOpenGL\HelloOpenGL\triangle_demo.h(453,23): warning C4244: 'argument': conversion from 'double' to 'GLfloat', possible loss of data
D:\KDU\[Dated] 2019-9\Graphics Programming\HelloOpenGL\HelloOpenGL\HelloOpenGL\triangle_demo.h(484,23): warning C4244: 'argument': conversion from 'double' to 'GLfloat', possible loss of data
D:\KDU\[Dated] 2019-9\Graphics Programming\HelloOpenGL\HelloOpenGL\HelloOpenGL\triangle_demo.h(484,19): warning C4244: 'argument': conversion from 'double' to 'GLfloat', possible loss of data
D:\KDU\[Dated] 2019-9\Graphics Programming\HelloOpenGL\HelloOpenGL\HelloOpenGL\triangle_demo.h(484,16): warning C4244: 'argument': conversion from 'double' to 'GLfloat', possible loss of data
D:\KDU\[Dated] 2019-9\Graphics Programming\HelloOpenGL\HelloOpenGL\HelloOpenGL\triangle_demo.h(490,22): warning C4244: 'argument': conversion from 'double' to 'GLfloat', possible loss of data
D:\KDU\[Dated] 2019-9\Graphics Programming\HelloOpenGL\HelloOpenGL\HelloOpenGL\triangle_demo.h(490,19): warning C4244: 'argument': conversion from 'double' to 'GLfloat', possible loss of data
D:\KDU\[Dated] 2019-9\Graphics Programming\HelloOpenGL\HelloOpenGL\HelloOpenGL\triangle_demo.h(490,16): warning C4244: 'argument': conversion from 'double' to 'GLfloat', possible loss of data
D:\KDU\[Dated] 2019-9\Graphics Programming\HelloOpenGL\HelloOpenGL\HelloOpenGL\triangle_demo.h(496,22): warning C4244: 'argument': conversion from 'double' to 'GLfloat', possible loss of data
D:\KDU\[Dated] 2019-9\Graphics Programming\HelloOpenGL\HelloOpenGL\HelloOpenGL\triangle_demo.h(496,19): warning C4244: 'argument': conversion from 'double' to 'GLfloat', possible loss of data
D:\KDU\[Dated] 2019-9\Graphics Programming\HelloOpenGL\HelloOpenGL\HelloOpenGL\triangle_demo.h(496,16): warning C4244: 'argument': conversion from 'double' to 'GLfloat', possible loss of data
D:\KDU\[Dated] 2019-9\Graphics Programming\HelloOpenGL\HelloOpenGL\HelloOpenGL\triangle_demo.h(497,22): warning C4244: 'argument': conversion from 'double' to 'GLfloat', possible loss of data
D:\KDU\[Dated] 2019-9\Graphics Programming\HelloOpenGL\HelloOpenGL\HelloOpenGL\triangle_demo.h(497,19): warning C4244: 'argument': conversion from 'double' to 'GLfloat', possible loss of data
D:\KDU\[Dated] 2019-9\Graphics Programming\HelloOpenGL\HelloOpenGL\HelloOpenGL\triangle_demo.h(497,16): warning C4244: 'argument': conversion from 'double' to 'GLfloat', possible loss of data
D:\KDU\[Dated] 2019-9\Graphics Programming\HelloOpenGL\HelloOpenGL\HelloOpenGL\triangle_demo.h(503,22): warning C4244: 'argument': conversion from 'double' to 'GLfloat', possible loss of data
D:\KDU\[Dated] 2019-9\Graphics Programming\HelloOpenGL\HelloOpenGL\HelloOpenGL\triangle_demo.h(503,19): warning C4244: 'argument': conversion from 'double' to 'GLfloat', possible loss of data
D:\KDU\[Dated] 2019-9\Graphics Programming\HelloOpenGL\HelloOpenGL\HelloOpenGL\triangle_demo.h(503,16): warning C4244: 'argument': conversion from 'double' to 'GLfloat', possible loss of data
D:\KDU\[Dated] 2019-9\Graphics Programming\HelloOpenGL\HelloOpenGL\HelloOpenGL\triangle_demo.h(509,22): warning C4244: 'argument': conversion from 'double' to 'GLfloat', possible loss of data
D:\KDU\[Dated] 2019-9\Graphics Programming\HelloOpenGL\HelloOpenGL\HelloOpenGL\triangle_demo.h(509,19): warning C4244: 'argument': conversion from 'double' to 'GLfloat', possible loss of data
D:\KDU\[Dated] 2019-9\Graphics Programming\HelloOpenGL\HelloOpenGL\HelloOpenGL\triangle_demo.h(509,16): warning C4244: 'argument': conversion from 'double' to 'GLfloat', possible loss of data
D:\KDU\[Dated] 2019-9\Graphics Programming\HelloOpenGL\HelloOpenGL\HelloOpenGL\triangle_demo.h(522,13): warning C4244: 'initializing': conversion from 'double' to 'float', possible loss of data
D:\KDU\[Dated] 2019-9\Graphics Programming\HelloOpenGL\HelloOpenGL\HelloOpenGL\triangle_demo.h(548,22): warning C4244: 'argument': conversion from 'double' to 'GLfloat', possible loss of data
D:\KDU\[Dated] 2019-9\Graphics Programming\HelloOpenGL\HelloOpenGL\HelloOpenGL\triangle_demo.h(548,19): warning C4244: 'argument': conversion from 'double' to 'GLfloat', possible loss of data
D:\KDU\[Dated] 2019-9\Graphics Programming\HelloOpenGL\HelloOpenGL\HelloOpenGL\triangle_demo.h(548,16): warning C4244: 'argument': conversion from 'double' to 'GLfloat', possible loss of data
D:\KDU\[Dated] 2019-9\Graphics Programming\HelloOpenGL\HelloOpenGL\HelloOpenGL\triangle_demo.h(554,22): warning C4244: 'argument': conversion from 'double' to 'GLfloat', possible loss of data
D:\KDU\[Dated] 2019-9\Graphics Programming\HelloOpenGL\HelloOpenGL\HelloOpenGL\triangle_demo.h(554,19): warning C4244: 'argument': conversion from 'double' to 'GLfloat', possible loss of data
D:\KDU\[Dated] 2019-9\Graphics Programming\HelloOpenGL\HelloOpenGL\HelloOpenGL\triangle_demo.h(554,16): warning C4244: 'argument': conversion from 'double' to 'GLfloat', possible loss of data
D:\KDU\[Dated] 2019-9\Graphics Programming\HelloOpenGL\HelloOpenGL\HelloOpenGL\triangle_demo.h(560,22): warning C4244: 'argument': conversion from 'double' to 'GLfloat', possible loss of data
D:\KDU\[Dated] 2019-9\Graphics Programming\HelloOpenGL\HelloOpenGL\HelloOpenGL\triangle_demo.h(560,19): warning C4244: 'argument': conversion from 'double' to 'GLfloat', possible loss of data
D:\KDU\[Dated] 2019-9\Graphics Programming\HelloOpenGL\HelloOpenGL\HelloOpenGL\triangle_demo.h(560,16): warning C4244: 'argument': conversion from 'double' to 'GLfloat', possible loss of data
D:\KDU\[Dated] 2019-9\Graphics Programming\HelloOpenGL\HelloOpenGL\HelloOpenGL\triangle_demo.h(561,22): warning C4244: 'argument': conversion from 'double' to 'GLfloat', possible loss of data
D:\KDU\[Dated] 2019-9\Graphics Programming\HelloOpenGL\HelloOpenGL\HelloOpenGL\triangle_demo.h(561,19): warning C4244: 'argument': conversion from 'double' to 'GLfloat', possible loss of data
D:\KDU\[Dated] 2019-9\Graphics Programming\HelloOpenGL\HelloOpenGL\HelloOpenGL\triangle_demo.h(561,16): warning C4244: 'argument': conversion from 'double' to 'GLfloat', possible loss of data
D:\KDU\[Dated] 2019-9\Graphics Programming\HelloOpenGL\HelloOpenGL\HelloOpenGL\triangle_demo.h(567,22): warning C4244: 'argument': conversion from 'double' to 'GLfloat', possible loss of data
D:\KDU\[Dated] 2019-9\Graphics Programming\HelloOpenGL\HelloOpenGL\HelloOpenGL\triangle_demo.h(567,19): warning C4244: 'argument': conversion from 'double' to 'GLfloat', possible loss of data
D:\KDU\[Dated] 2019-9\Graphics Programming\HelloOpenGL\HelloOpenGL\HelloOpenGL\triangle_demo.h(567,16): warning C4244: 'argument': conversion from 'double' to 'GLfloat', possible loss of data
D:\KDU\[Dated] 2019-9\Graphics Programming\HelloOpenGL\HelloOpenGL\HelloOpenGL\triangle_demo.h(573,22): warning C4244: 'argument': conversion from 'double' to 'GLfloat', possible loss of data
D:\KDU\[Dated] 2019-9\Graphics Programming\HelloOpenGL\HelloOpenGL\HelloOpenGL\triangle_demo.h(573,19): warning C4244: 'argument': conversion from 'double' to 'GLfloat', possible loss of data
D:\KDU\[Dated] 2019-9\Graphics Programming\HelloOpenGL\HelloOpenGL\HelloOpenGL\triangle_demo.h(573,16): warning C4244: 'argument': conversion from 'double' to 'GLfloat', possible loss of data
D:\KDU\[Dated] 2019-9\Graphics Programming\HelloOpenGL\HelloOpenGL\HelloOpenGL\triangle_demo.h(604,22): warning C4244: 'argument': conversion from 'double' to 'GLfloat', possible loss of data
D:\KDU\[Dated] 2019-9\Graphics Programming\HelloOpenGL\HelloOpenGL\HelloOpenGL\triangle_demo.h(604,19): warning C4244: 'argument': conversion from 'double' to 'GLfloat', possible loss of data
D:\KDU\[Dated] 2019-9\Graphics Programming\HelloOpenGL\HelloOpenGL\HelloOpenGL\triangle_demo.h(604,16): warning C4244: 'argument': conversion from 'double' to 'GLfloat', possible loss of data
D:\KDU\[Dated] 2019-9\Graphics Programming\HelloOpenGL\HelloOpenGL\HelloOpenGL\triangle_demo.h(610,22): warning C4244: 'argument': conversion from 'double' to 'GLfloat', possible loss of data
D:\KDU\[Dated] 2019-9\Graphics Programming\HelloOpenGL\HelloOpenGL\HelloOpenGL\triangle_demo.h(610,19): warning C4244: 'argument': conversion from 'double' to 'GLfloat', possible loss of data
D:\KDU\[Dated] 2019-9\Graphics Programming\HelloOpenGL\HelloOpenGL\HelloOpenGL\triangle_demo.h(610,16): warning C4244: 'argument': conversion from 'double' to 'GLfloat', possible loss of data
D:\KDU\[Dated] 2019-9\Graphics Programming\HelloOpenGL\HelloOpenGL\HelloOpenGL\triangle_demo.h(616,22): warning C4244: 'argument': conversion from 'double' to 'GLfloat', possible loss of data
D:\KDU\[Dated] 2019-9\Graphics Programming\HelloOpenGL\HelloOpenGL\HelloOpenGL\triangle_demo.h(616,19): warning C4244: 'argument': conversion from 'double' to 'GLfloat', possible loss of data
D:\KDU\[Dated] 2019-9\Graphics Programming\HelloOpenGL\HelloOpenGL\HelloOpenGL\triangle_demo.h(616,16): warning C4244: 'argument': conversion from 'double' to 'GLfloat', possible loss of data
D:\KDU\[Dated] 2019-9\Graphics Programming\HelloOpenGL\HelloOpenGL\HelloOpenGL\triangle_demo.h(617,22): warning C4244: 'argument': conversion from 'double' to 'GLfloat', possible loss of data
D:\KDU\[Dated] 2019-9\Graphics Programming\HelloOpenGL\HelloOpenGL\HelloOpenGL\triangle_demo.h(617,19): warning C4244: 'argument': conversion from 'double' to 'GLfloat', possible loss of data
D:\KDU\[Dated] 2019-9\Graphics Programming\HelloOpenGL\HelloOpenGL\HelloOpenGL\triangle_demo.h(617,16): warning C4244: 'argument': conversion from 'double' to 'GLfloat', possible loss of data
D:\KDU\[Dated] 2019-9\Graphics Programming\HelloOpenGL\HelloOpenGL\HelloOpenGL\triangle_demo.h(623,22): warning C4244: 'argument': conversion from 'double' to 'GLfloat', possible loss of data
D:\KDU\[Dated] 2019-9\Graphics Programming\HelloOpenGL\HelloOpenGL\HelloOpenGL\triangle_demo.h(623,19): warning C4244: 'argument': conversion from 'double' to 'GLfloat', possible loss of data
D:\KDU\[Dated] 2019-9\Graphics Programming\HelloOpenGL\HelloOpenGL\HelloOpenGL\triangle_demo.h(623,16): warning C4244: 'argument': conversion from 'double' to 'GLfloat', possible loss of data
D:\KDU\[Dated] 2019-9\Graphics Programming\HelloOpenGL\HelloOpenGL\HelloOpenGL\triangle_demo.h(629,22): warning C4244: 'argument': conversion from 'double' to 'GLfloat', possible loss of data
D:\KDU\[Dated] 2019-9\Graphics Programming\HelloOpenGL\HelloOpenGL\HelloOpenGL\triangle_demo.h(629,19): warning C4244: 'argument': conversion from 'double' to 'GLfloat', possible loss of data
D:\KDU\[Dated] 2019-9\Graphics Programming\HelloOpenGL\HelloOpenGL\HelloOpenGL\triangle_demo.h(629,16): warning C4244: 'argument': conversion from 'double' to 'GLfloat', possible loss of data
D:\KDU\[Dated] 2019-9\Graphics Programming\HelloOpenGL\HelloOpenGL\HelloOpenGL\triangle_demo.h(655,22): warning C4244: 'argument': conversion from 'double' to 'GLfloat', possible loss of data
D:\KDU\[Dated] 2019-9\Graphics Programming\HelloOpenGL\HelloOpenGL\HelloOpenGL\triangle_demo.h(655,19): warning C4244: 'argument': conversion from 'double' to 'GLfloat', possible loss of data
D:\KDU\[Dated] 2019-9\Graphics Programming\HelloOpenGL\HelloOpenGL\HelloOpenGL\triangle_demo.h(655,16): warning C4244: 'argument': conversion from 'double' to 'GLfloat', possible loss of data
D:\KDU\[Dated] 2019-9\Graphics Programming\HelloOpenGL\HelloOpenGL\HelloOpenGL\triangle_demo.h(661,22): warning C4244: 'argument': conversion from 'double' to 'GLfloat', possible loss of data
D:\KDU\[Dated] 2019-9\Graphics Programming\HelloOpenGL\HelloOpenGL\HelloOpenGL\triangle_demo.h(661,19): warning C4244: 'argument': conversion from 'double' to 'GLfloat', possible loss of data
D:\KDU\[Dated] 2019-9\Graphics Programming\HelloOpenGL\HelloOpenGL\HelloOpenGL\triangle_demo.h(661,16): warning C4244: 'argument': conversion from 'double' to 'GLfloat', possible loss of data
D:\KDU\[Dated] 2019-9\Graphics Programming\HelloOpenGL\HelloOpenGL\HelloOpenGL\triangle_demo.h(667,22): warning C4244: 'argument': conversion from 'double' to 'GLfloat', possible loss of data
D:\KDU\[Dated] 2019-9\Graphics Programming\HelloOpenGL\HelloOpenGL\HelloOpenGL\triangle_demo.h(667,19): warning C4244: 'argument': conversion from 'double' to 'GLfloat', possible loss of data
D:\KDU\[Dated] 2019-9\Graphics Programming\HelloOpenGL\HelloOpenGL\HelloOpenGL\triangle_demo.h(667,16): warning C4244: 'argument': conversion from 'double' to 'GLfloat', possible loss of data
D:\KDU\[Dated] 2019-9\Graphics Programming\HelloOpenGL\HelloOpenGL\HelloOpenGL\triangle_demo.h(668,22): warning C4244: 'argument': conversion from 'double' to 'GLfloat', possible loss of data
D:\KDU\[Dated] 2019-9\Graphics Programming\HelloOpenGL\HelloOpenGL\HelloOpenGL\triangle_demo.h(668,19): warning C4244: 'argument': conversion from 'double' to 'GLfloat', possible loss of data
D:\KDU\[Dated] 2019-9\Graphics Programming\HelloOpenGL\HelloOpenGL\HelloOpenGL\triangle_demo.h(668,16): warning C4244: 'argument': conversion from 'double' to 'GLfloat', possible loss of data
D:\KDU\[Dated] 2019-9\Graphics Programming\HelloOpenGL\HelloOpenGL\HelloOpenGL\triangle_demo.h(674,22): warning C4244: 'argument': conversion from 'double' to 'GLfloat', possible loss of data
D:\KDU\[Dated] 2019-9\Graphics Programming\HelloOpenGL\HelloOpenGL\HelloOpenGL\triangle_demo.h(674,19): warning C4244: 'argument': conversion from 'double' to 'GLfloat', possible loss of data
D:\KDU\[Dated] 2019-9\Graphics Programming\HelloOpenGL\HelloOpenGL\HelloOpenGL\triangle_demo.h(674,16): warning C4244: 'argument': conversion from 'double' to 'GLfloat', possible loss of data
D:\KDU\[Dated] 2019-9\Graphics Programming\HelloOpenGL\HelloOpenGL\HelloOpenGL\triangle_demo.h(680,22): warning C4244: 'argument': conversion from 'double' to 'GLfloat', possible loss of data
D:\KDU\[Dated] 2019-9\Graphics Programming\HelloOpenGL\HelloOpenGL\HelloOpenGL\triangle_demo.h(680,19): warning C4244: 'argument': conversion from 'double' to 'GLfloat', possible loss of data
D:\KDU\[Dated] 2019-9\Graphics Programming\HelloOpenGL\HelloOpenGL\HelloOpenGL\triangle_demo.h(680,16): warning C4244: 'argument': conversion from 'double' to 'GLfloat', possible loss of data
D:\KDU\[Dated] 2019-9\Graphics Programming\HelloOpenGL\HelloOpenGL\HelloOpenGL\triangle_demo.h(717,22): warning C4244: 'argument': conversion from 'double' to 'GLfloat', possible loss of data
D:\KDU\[Dated] 2019-9\Graphics Programming\HelloOpenGL\HelloOpenGL\HelloOpenGL\triangle_demo.h(717,19): warning C4244: 'argument': conversion from 'double' to 'GLfloat', possible loss of data
D:\KDU\[Dated] 2019-9\Graphics Programming\HelloOpenGL\HelloOpenGL\HelloOpenGL\triangle_demo.h(717,16): warning C4244: 'argument': conversion from 'double' to 'GLfloat', possible loss of data
D:\KDU\[Dated] 2019-9\Graphics Programming\HelloOpenGL\HelloOpenGL\HelloOpenGL\triangle_demo.h(723,22): warning C4244: 'argument': conversion from 'double' to 'GLfloat', possible loss of data
D:\KDU\[Dated] 2019-9\Graphics Programming\HelloOpenGL\HelloOpenGL\HelloOpenGL\triangle_demo.h(723,19): warning C4244: 'argument': conversion from 'double' to 'GLfloat', possible loss of data
D:\KDU\[Dated] 2019-9\Graphics Programming\HelloOpenGL\HelloOpenGL\HelloOpenGL\triangle_demo.h(723,16): warning C4244: 'argument': conversion from 'double' to 'GLfloat', possible loss of data
D:\KDU\[Dated] 2019-9\Graphics Programming\HelloOpenGL\HelloOpenGL\HelloOpenGL\triangle_demo.h(729,22): warning C4244: 'argument': conversion from 'double' to 'GLfloat', possible loss of data
D:\KDU\[Dated] 2019-9\Graphics Programming\HelloOpenGL\HelloOpenGL\HelloOpenGL\triangle_demo.h(729,19): warning C4244: 'argument': conversion from 'double' to 'GLfloat', possible loss of data
D:\KDU\[Dated] 2019-9\Graphics Programming\HelloOpenGL\HelloOpenGL\HelloOpenGL\triangle_demo.h(729,16): warning C4244: 'argument': conversion from 'double' to 'GLfloat', possible loss of data
D:\KDU\[Dated] 2019-9\Graphics Programming\HelloOpenGL\HelloOpenGL\HelloOpenGL\triangle_demo.h(730,22): warning C4244: 'argument': conversion from 'double' to 'GLfloat', possible loss of data
D:\KDU\[Dated] 2019-9\Graphics Programming\HelloOpenGL\HelloOpenGL\HelloOpenGL\triangle_demo.h(730,19): warning C4244: 'argument': conversion from 'double' to 'GLfloat', possible loss of data
D:\KDU\[Dated] 2019-9\Graphics Programming\HelloOpenGL\HelloOpenGL\HelloOpenGL\triangle_demo.h(730,16): warning C4244: 'argument': conversion from 'double' to 'GLfloat', possible loss of data
D:\KDU\[Dated] 2019-9\Graphics Programming\HelloOpenGL\HelloOpenGL\HelloOpenGL\triangle_demo.h(736,22): warning C4244: 'argument': conversion from 'double' to 'GLfloat', possible loss of data
D:\KDU\[Dated] 2019-9\Graphics Programming\HelloOpenGL\HelloOpenGL\HelloOpenGL\triangle_demo.h(736,19): warning C4244: 'argument': conversion from 'double' to 'GLfloat', possible loss of data
D:\KDU\[Dated] 2019-9\Graphics Programming\HelloOpenGL\HelloOpenGL\HelloOpenGL\triangle_demo.h(736,16): warning C4244: 'argument': conversion from 'double' to 'GLfloat', possible loss of data
D:\KDU\[Dated] 2019-9\Graphics Programming\HelloOpenGL\HelloOpenGL\HelloOpenGL\triangle_demo.h(742,22): warning C4244: 'argument': conversion from 'double' to 'GLfloat', possible loss of data
D:\KDU\[Dated] 2019-9\Graphics Programming\HelloOpenGL\HelloOpenGL\HelloOpenGL\triangle_demo.h(742,19): warning C4244: 'argument': conversion from 'double' to 'GLfloat', possible loss of data
D:\KDU\[Dated] 2019-9\Graphics Programming\HelloOpenGL\HelloOpenGL\HelloOpenGL\triangle_demo.h(742,16): warning C4244: 'argument': conversion from 'double' to 'GLfloat', possible loss of data
D:\KDU\[Dated] 2019-9\Graphics Programming\HelloOpenGL\HelloOpenGL\HelloOpenGL\triangle_demo.h(1071,28): warning C4244: 'initializing': conversion from 'int' to 'float', possible loss of data
D:\KDU\[Dated] 2019-9\Graphics Programming\HelloOpenGL\HelloOpenGL\HelloOpenGL\triangle_demo.h(1072,24): warning C4244: 'initializing': conversion from 'int' to 'float', possible loss of data
D:\KDU\[Dated] 2019-9\Graphics Programming\HelloOpenGL\HelloOpenGL\HelloOpenGL\triangle_demo.h(1073,30): warning C4244: 'initializing': conversion from 'int' to 'float', possible loss of data
D:\KDU\[Dated] 2019-9\Graphics Programming\HelloOpenGL\HelloOpenGL\HelloOpenGL\triangle_demo.h(1126,16): warning C4244: 'initializing': conversion from 'double' to 'float', possible loss of data
D:\KDU\[Dated] 2019-9\Graphics Programming\HelloOpenGL\HelloOpenGL\HelloOpenGL\triangle_demo.h(1129,17): warning C4244: 'initializing': conversion from 'double' to 'float', possible loss of data
D:\KDU\[Dated] 2019-9\Graphics Programming\HelloOpenGL\HelloOpenGL\HelloOpenGL\triangle_demo.h(1266,21): warning C4244: '=': conversion from 'double' to 'GLubyte', possible loss of data
D:\KDU\[Dated] 2019-9\Graphics Programming\HelloOpenGL\HelloOpenGL\HelloOpenGL\triangle_demo.h(1267,22): warning C4244: '=': conversion from 'double' to 'GLubyte', possible loss of data
D:\KDU\[Dated] 2019-9\Graphics Programming\HelloOpenGL\HelloOpenGL\HelloOpenGL\triangle_demo.h(1268,24): warning C4244: '=': conversion from 'float' to 'GLubyte', possible loss of data
D:\KDU\[Dated] 2019-9\Graphics Programming\HelloOpenGL\HelloOpenGL\HelloOpenGL\triangle_demo.h(1269,25): warning C4244: '=': conversion from 'double' to 'GLubyte', possible loss of data
D:\KDU\[Dated] 2019-9\Graphics Programming\HelloOpenGL\HelloOpenGL\HelloOpenGL\triangle_demo.h(1270,22): warning C4244: '=': conversion from 'double' to 'GLubyte', possible loss of data
D:\KDU\[Dated] 2019-9\Graphics Programming\HelloOpenGL\HelloOpenGL\HelloOpenGL\triangle_demo.h(1271,24): warning C4244: '=': conversion from 'float' to 'GLubyte', possible loss of data
D:\KDU\[Dated] 2019-9\Graphics Programming\HelloOpenGL\HelloOpenGL\HelloOpenGL\triangle_demo.h(1272,25): warning C4244: '=': conversion from 'double' to 'GLubyte', possible loss of data
D:\KDU\[Dated] 2019-9\Graphics Programming\HelloOpenGL\HelloOpenGL\HelloOpenGL\triangle_demo.h(1273,22): warning C4244: '=': conversion from 'double' to 'GLubyte', possible loss of data
D:\KDU\[Dated] 2019-9\Graphics Programming\HelloOpenGL\HelloOpenGL\HelloOpenGL\triangle_demo.h(1274,24): warning C4244: '=': conversion from 'float' to 'GLubyte', possible loss of data
D:\KDU\[Dated] 2019-9\Graphics Programming\HelloOpenGL\HelloOpenGL\HelloOpenGL\triangle_demo.h(1276,25): warning C4244: '=': conversion from 'double' to 'GLubyte', possible loss of data
D:\KDU\[Dated] 2019-9\Graphics Programming\HelloOpenGL\HelloOpenGL\HelloOpenGL\triangle_demo.h(1277,23): warning C4244: '=': conversion from 'double' to 'GLubyte', possible loss of data
D:\KDU\[Dated] 2019-9\Graphics Programming\HelloOpenGL\HelloOpenGL\HelloOpenGL\triangle_demo.h(1278,25): warning C4244: '=': conversion from 'float' to 'GLubyte', possible loss of data
D:\KDU\[Dated] 2019-9\Graphics Programming\HelloOpenGL\HelloOpenGL\HelloOpenGL\triangle_demo.h(1279,26): warning C4244: '=': conversion from 'double' to 'GLubyte', possible loss of data
D:\KDU\[Dated] 2019-9\Graphics Programming\HelloOpenGL\HelloOpenGL\HelloOpenGL\triangle_demo.h(1280,23): warning C4244: '=': conversion from 'double' to 'GLubyte', possible loss of data
D:\KDU\[Dated] 2019-9\Graphics Programming\HelloOpenGL\HelloOpenGL\HelloOpenGL\triangle_demo.h(1281,25): warning C4244: '=': conversion from 'float' to 'GLubyte', possible loss of data
D:\KDU\[Dated] 2019-9\Graphics Programming\HelloOpenGL\HelloOpenGL\HelloOpenGL\triangle_demo.h(1282,26): warning C4244: '=': conversion from 'double' to 'GLubyte', possible loss of data
D:\KDU\[Dated] 2019-9\Graphics Programming\HelloOpenGL\HelloOpenGL\HelloOpenGL\triangle_demo.h(1283,23): warning C4244: '=': conversion from 'double' to 'GLubyte', possible loss of data
D:\KDU\[Dated] 2019-9\Graphics Programming\HelloOpenGL\HelloOpenGL\HelloOpenGL\triangle_demo.h(1284,25): warning C4244: '=': conversion from 'float' to 'GLubyte', possible loss of data
D:\KDU\[Dated] 2019-9\Graphics Programming\HelloOpenGL\HelloOpenGL\HelloOpenGL\triangle_demo.h(1304,34): warning C4244: 'argument': conversion from 'float' to 'GLsizei', possible loss of data
D:\KDU\[Dated] 2019-9\Graphics Programming\HelloOpenGL\HelloOpenGL\HelloOpenGL\triangle_demo.h(1384,49): warning C4244: 'argument': conversion from 'float' to 'int', possible loss of data
D:\KDU\[Dated] 2019-9\Graphics Programming\HelloOpenGL\HelloOpenGL\HelloOpenGL\triangle_demo.h(1384,22): warning C4244: 'argument': conversion from 'float' to 'int', possible loss of data
D:\KDU\[Dated] 2019-9\Graphics Programming\HelloOpenGL\HelloOpenGL\HelloOpenGL\triangle_demo.h(1457,81): warning C4244: 'argument': conversion from 'double' to 'float', possible loss of data
D:\KDU\[Dated] 2019-9\Graphics Programming\HelloOpenGL\HelloOpenGL\HelloOpenGL\triangle_demo.h(1458,64): warning C4244: '=': conversion from 'double' to 'float', possible loss of data
D:\KDU\[Dated] 2019-9\Graphics Programming\HelloOpenGL\HelloOpenGL\HelloOpenGL\triangle_demo.h(1475,89): warning C4244: 'argument': conversion from 'double' to 'float', possible loss of data
D:\KDU\[Dated] 2019-9\Graphics Programming\HelloOpenGL\HelloOpenGL\HelloOpenGL\triangle_demo.h(1476,72): warning C4244: '=': conversion from 'double' to 'float', possible loss of data
D:\KDU\[Dated] 2019-9\Graphics Programming\HelloOpenGL\HelloOpenGL\HelloOpenGL\triangle_demo.h(1493,89): warning C4244: 'argument': conversion from 'double' to 'float', possible loss of data
D:\KDU\[Dated] 2019-9\Graphics Programming\HelloOpenGL\HelloOpenGL\HelloOpenGL\triangle_demo.h(1494,72): warning C4244: '=': conversion from 'double' to 'float', possible loss of data
D:\KDU\[Dated] 2019-9\Graphics Programming\HelloOpenGL\HelloOpenGL\HelloOpenGL\triangle_demo.h(1504,70): warning C4244: '=': conversion from 'double' to 'float', possible loss of data
D:\KDU\[Dated] 2019-9\Graphics Programming\HelloOpenGL\HelloOpenGL\HelloOpenGL\triangle_demo.h(1510,61): warning C4244: '=': conversion from 'double' to 'float', possible loss of data
D:\KDU\[Dated] 2019-9\Graphics Programming\HelloOpenGL\HelloOpenGL\HelloOpenGL\triangle_demo.h(1525,41): warning C4244: '=': conversion from 'double' to 'float', possible loss of data
D:\KDU\[Dated] 2019-9\Graphics Programming\HelloOpenGL\HelloOpenGL\HelloOpenGL\triangle_demo.h(1549,57): warning C4244: '=': conversion from 'double' to 'float', possible loss of data
D:\KDU\[Dated] 2019-9\Graphics Programming\HelloOpenGL\HelloOpenGL\HelloOpenGL\triangle_demo.h(1564,41): warning C4244: '=': conversion from 'double' to 'float', possible loss of data
D:\KDU\[Dated] 2019-9\Graphics Programming\HelloOpenGL\HelloOpenGL\HelloOpenGL\triangle_demo.h(1588,57): warning C4244: '=': conversion from 'double' to 'float', possible loss of data
D:\KDU\[Dated] 2019-9\Graphics Programming\HelloOpenGL\HelloOpenGL\HelloOpenGL\triangle_demo.h(1603,41): warning C4244: '=': conversion from 'double' to 'float', possible loss of data
D:\KDU\[Dated] 2019-9\Graphics Programming\HelloOpenGL\HelloOpenGL\HelloOpenGL\triangle_demo.h(1642,41): warning C4244: '=': conversion from 'double' to 'float', possible loss of data
D:\KDU\[Dated] 2019-9\Graphics Programming\HelloOpenGL\HelloOpenGL\HelloOpenGL\triangle_demo.h(1681,41): warning C4244: '=': conversion from 'double' to 'float', possible loss of data
D:\KDU\[Dated] 2019-9\Graphics Programming\HelloOpenGL\HelloOpenGL\HelloOpenGL\triangle_demo.h(1719,41): warning C4244: '=': conversion from 'double' to 'float', possible loss of data
D:\KDU\[Dated] 2019-9\Graphics Programming\HelloOpenGL\HelloOpenGL\HelloOpenGL\triangle_demo.h(1736,74): warning C4244: '=': conversion from 'double' to 'float', possible loss of data
D:\KDU\[Dated] 2019-9\Graphics Programming\HelloOpenGL\HelloOpenGL\HelloOpenGL\triangle_demo.h(1746,93): warning C4244: 'argument': conversion from 'double' to 'float', possible loss of data
D:\KDU\[Dated] 2019-9\Graphics Programming\HelloOpenGL\HelloOpenGL\HelloOpenGL\triangle_demo.h(1749,81): warning C4244: 'argument': conversion from 'double' to 'GLfloat', possible loss of data
D:\KDU\[Dated] 2019-9\Graphics Programming\HelloOpenGL\HelloOpenGL\HelloOpenGL\triangle_demo.h(1750,74): warning C4244: 'argument': conversion from 'double' to 'float', possible loss of data
D:\KDU\[Dated] 2019-9\Graphics Programming\HelloOpenGL\HelloOpenGL\HelloOpenGL\main.cpp(38,11): warning C4244: '=': conversion from 'double' to 'int', possible loss of data
D:\KDU\[Dated] 2019-9\Graphics Programming\HelloOpenGL\HelloOpenGL\HelloOpenGL\main.cpp(39,11): warning C4244: '=': conversion from 'double' to 'int', possible loss of data
D:\KDU\[Dated] 2019-9\Graphics Programming\HelloOpenGL\HelloOpenGL\HelloOpenGL\main.cpp(43,14): warning C4244: 'initializing': conversion from 'double' to 'int', possible loss of data
D:\KDU\[Dated] 2019-9\Graphics Programming\HelloOpenGL\HelloOpenGL\HelloOpenGL\main.cpp(44,14): warning C4244: 'initializing': conversion from 'double' to 'int', possible loss of data
D:\KDU\[Dated] 2019-9\Graphics Programming\HelloOpenGL\HelloOpenGL\HelloOpenGL\main.cpp(45,10): warning C4244: '=': conversion from 'double' to 'int', possible loss of data
D:\KDU\[Dated] 2019-9\Graphics Programming\HelloOpenGL\HelloOpenGL\HelloOpenGL\main.cpp(45,21): warning C4244: '=': conversion from 'double' to 'int', possible loss of data
LINK : warning LNK4098: defaultlib 'MSVCRT' conflicts with use of other libs; use /NODEFAULTLIB:library
  HelloOpenGL.vcxproj -> D:\KDU\[Dated] 2019-9\Graphics Programming\HelloOpenGL\HelloOpenGL\Debug\HelloOpenGL.exe
